[debug] [2025-04-17T21:00:49.470Z] ----------------------------------------------------------------------
[debug] [2025-04-17T21:00:49.478Z] Command:       C:\Program Files\nodejs\node.exe C:\Users\alexl\AppData\Roaming\npm\node_modules\firebase-tools\lib\bin\firebase.js init
[debug] [2025-04-17T21:00:49.479Z] CLI Version:   14.2.0
[debug] [2025-04-17T21:00:49.479Z] Platform:      win32
[debug] [2025-04-17T21:00:49.480Z] Node Version:  v22.14.0
[debug] [2025-04-17T21:00:49.483Z] Time:          Thu Apr 17 2025 15:00:49 GMT-0600 (hora estándar central)
[debug] [2025-04-17T21:00:49.484Z] ----------------------------------------------------------------------
[debug] 
[debug] [2025-04-17T21:00:49.503Z] > command requires scopes: ["email","openid","https://www.googleapis.com/auth/cloudplatformprojects.readonly","https://www.googleapis.com/auth/firebase","https://www.googleapis.com/auth/cloud-platform"]
[debug] [2025-04-17T21:00:49.504Z] > authorizing via signed-in user (aleomarla_labtd@aprendecampeche.mx)
[info] 
     ######## #### ########  ######## ########     ###     ######  ########
     ##        ##  ##     ## ##       ##     ##  ##   ##  ##       ##
     ######    ##  ########  ######   ########  #########  ######  ######
     ##        ##  ##    ##  ##       ##     ## ##     ##       ## ##
     ##       #### ##     ## ######## ########  ##     ##  ######  ########

You're about to initialize a Firebase project in this directory:

  C:\Users\alexl\frontend\frontend

[info] 
=== Project Setup
[info] 
[info] First, let's associate this project directory with a Firebase project.
[info] You can create multiple project aliases by running firebase use --add, 
[info] but for now we'll just set up a default project.
[info] 
[debug] [2025-04-17T21:01:06.929Z] Checked if tokens are valid: true, expires at: 1744926272433
[debug] [2025-04-17T21:01:06.929Z] Checked if tokens are valid: true, expires at: 1744926272433
[debug] [2025-04-17T21:01:06.937Z] >>> [apiv2][query] GET https://firebase.googleapis.com/v1beta1/projects pageSize=100
[debug] [2025-04-17T21:01:07.703Z] <<< [apiv2][status] GET https://firebase.googleapis.com/v1beta1/projects 200
[debug] [2025-04-17T21:01:07.703Z] <<< [apiv2][body] GET https://firebase.googleapis.com/v1beta1/projects [omitted]
[info] i  Using project monitoreodelmar-6905b (Monitoreodelmar) 
[info] 
=== Hosting Setup
[debug] [2025-04-17T21:01:53.062Z] Checked if tokens are valid: true, expires at: 1744926272433
[debug] [2025-04-17T21:01:53.062Z] Checked if tokens are valid: true, expires at: 1744926272433
[debug] [2025-04-17T21:01:53.063Z] >>> [apiv2][query] GET https://firebase.googleapis.com/v1beta1/projects/monitoreodelmar-6905b [none]
[debug] [2025-04-17T21:01:53.648Z] <<< [apiv2][status] GET https://firebase.googleapis.com/v1beta1/projects/monitoreodelmar-6905b 200
[debug] [2025-04-17T21:01:53.648Z] <<< [apiv2][body] GET https://firebase.googleapis.com/v1beta1/projects/monitoreodelmar-6905b {"projectId":"monitoreodelmar-6905b","projectNumber":"84234581627","displayName":"Monitoreodelmar","name":"projects/monitoreodelmar-6905b","resources":{"hostingSite":"monitoreodelmar-6905b"},"state":"ACTIVE","etag":"1_246807e9-6207-48b0-900a-cf4c032ab427"}
[info] 
[info] Your public directory is the folder (relative to your project directory) that
[info] will contain Hosting assets to be uploaded with firebase deploy. If you
[info] have a build process for your assets, use your build's output directory.
[info] 
[debug] [2025-04-17T21:02:58.025Z] ----------------------------------------------------------------------
[debug] [2025-04-17T21:02:58.030Z] Command:       C:\Program Files\nodejs\node.exe C:\Users\alexl\AppData\Roaming\npm\node_modules\firebase-tools\lib\bin\firebase.js init
[debug] [2025-04-17T21:02:58.030Z] CLI Version:   14.2.0
[debug] [2025-04-17T21:02:58.031Z] Platform:      win32
[debug] [2025-04-17T21:02:58.031Z] Node Version:  v22.14.0
[debug] [2025-04-17T21:02:58.031Z] Time:          Thu Apr 17 2025 15:02:58 GMT-0600 (hora estándar central)
[debug] [2025-04-17T21:02:58.031Z] ----------------------------------------------------------------------
[debug] 
[debug] [2025-04-17T21:02:58.045Z] > command requires scopes: ["email","openid","https://www.googleapis.com/auth/cloudplatformprojects.readonly","https://www.googleapis.com/auth/firebase","https://www.googleapis.com/auth/cloud-platform"]
[debug] [2025-04-17T21:02:58.046Z] > authorizing via signed-in user (aleomarla_labtd@aprendecampeche.mx)
[info] 
     ######## #### ########  ######## ########     ###     ######  ########
     ##        ##  ##     ## ##       ##     ##  ##   ##  ##       ##
     ######    ##  ########  ######   ########  #########  ######  ######
     ##        ##  ##    ##  ##       ##     ## ##     ##       ## ##
     ##       #### ##     ## ######## ########  ##     ##  ######  ########

You're about to initialize a Firebase project in this directory:

  C:\Users\alexl\frontend\frontend

[info] 
=== Project Setup
[info] 
[info] First, let's associate this project directory with a Firebase project.
[info] You can create multiple project aliases by running firebase use --add, 
[info] but for now we'll just set up a default project.
[info] 
[debug] [2025-04-17T21:03:16.033Z] Checked if tokens are valid: true, expires at: 1744926272433
[debug] [2025-04-17T21:03:16.033Z] Checked if tokens are valid: true, expires at: 1744926272433
[debug] [2025-04-17T21:03:16.035Z] >>> [apiv2][query] GET https://firebase.googleapis.com/v1beta1/projects pageSize=100
[debug] [2025-04-17T21:03:16.725Z] <<< [apiv2][status] GET https://firebase.googleapis.com/v1beta1/projects 200
[debug] [2025-04-17T21:03:16.726Z] <<< [apiv2][body] GET https://firebase.googleapis.com/v1beta1/projects [omitted]
[info] i  Using project monitoreodelmar-6905b (Monitoreodelmar) 
[info] 
=== Hosting Setup
[debug] [2025-04-17T21:03:18.057Z] Checked if tokens are valid: true, expires at: 1744926272433
[debug] [2025-04-17T21:03:18.057Z] Checked if tokens are valid: true, expires at: 1744926272433
[debug] [2025-04-17T21:03:18.058Z] >>> [apiv2][query] GET https://firebase.googleapis.com/v1beta1/projects/monitoreodelmar-6905b [none]
[debug] [2025-04-17T21:03:18.267Z] <<< [apiv2][status] GET https://firebase.googleapis.com/v1beta1/projects/monitoreodelmar-6905b 200
[debug] [2025-04-17T21:03:18.268Z] <<< [apiv2][body] GET https://firebase.googleapis.com/v1beta1/projects/monitoreodelmar-6905b {"projectId":"monitoreodelmar-6905b","projectNumber":"84234581627","displayName":"Monitoreodelmar","name":"projects/monitoreodelmar-6905b","resources":{"hostingSite":"monitoreodelmar-6905b"},"state":"ACTIVE","etag":"1_246807e9-6207-48b0-900a-cf4c032ab427"}
[info] 
[info] Your public directory is the folder (relative to your project directory) that
[info] will contain Hosting assets to be uploaded with firebase deploy. If you
[info] have a build process for your assets, use your build's output directory.
[info] 
[debug] [2025-04-17T21:03:36.928Z] >>> [apiv2][query] GET https://www.gstatic.com/firebasejs/releases.json [none]
[debug] [2025-04-17T21:03:37.185Z] <<< [apiv2][status] GET https://www.gstatic.com/firebasejs/releases.json 200
[debug] [2025-04-17T21:03:37.186Z] <<< [apiv2][body] GET https://www.gstatic.com/firebasejs/releases.json {"current":{"version":"11.6.0","browserURL":"https://www.gstatic.com/firebasejs/11.6.0/firebase.js","packageURL":"https://www.gstatic.com/firebasejs/11.6.0/firebase.tgz"},"live":{"version":"11.6","browserURL":"https://www.gstatic.com/firebasejs/live/11.6/firebase.js","packageURL":"https://www.gstatic.com/firebasejs/live/11.6/firebase.tgz"},"components":{"analytics":"https://www.gstatic.com/firebasejs/11.6.0/firebase-analytics.js","app":"https://www.gstatic.com/firebasejs/11.6.0/firebase-app.js","app-check":"https://www.gstatic.com/firebasejs/11.6.0/firebase-app-check.js","auth":"https://www.gstatic.com/firebasejs/11.6.0/firebase-auth.js","auth/cordova":"https://www.gstatic.com/firebasejs/11.6.0/firebase-auth/cordova.js","auth/web-extension":"https://www.gstatic.com/firebasejs/11.6.0/firebase-auth/web-extension.js","functions":"https://www.gstatic.com/firebasejs/11.6.0/firebase-functions.js","firestore":"https://www.gstatic.com/firebasejs/11.6.0/firebase-firestore.js","firestore/lite":"https://www.gstatic.com/firebasejs/11.6.0/firebase-firestore/lite.js","installations":"https://www.gstatic.com/firebasejs/11.6.0/firebase-installations.js","storage":"https://www.gstatic.com/firebasejs/11.6.0/firebase-storage.js","performance":"https://www.gstatic.com/firebasejs/11.6.0/firebase-performance.js","remote-config":"https://www.gstatic.com/firebasejs/11.6.0/firebase-remote-config.js","messaging":"https://www.gstatic.com/firebasejs/11.6.0/firebase-messaging.js","messaging/sw":"https://www.gstatic.com/firebasejs/11.6.0/firebase-messaging/sw.js","database":"https://www.gstatic.com/firebasejs/11.6.0/firebase-database.js","vertexai":"https://www.gstatic.com/firebasejs/11.6.0/firebase-vertexai.js","data-connect":"https://www.gstatic.com/firebasejs/11.6.0/firebase-data-connect.js","firestore.memory":"https://www.gstatic.com/firebasejs/11.6.0/firebase-firestore.memory.js"}}
[info] i  Skipping write of build/index.html 
[info] 
[info] i  Didn't detect a .git folder. Assuming C:\Users\alexl\frontend\frontend is the project root. 
[info] i  Authorizing with GitHub to upload your service account to a GitHub repository's secrets store. 
[info] 
[info] Visit this URL on this device to log in:
[info] https://github.com/login/oauth/authorize?client_id=89cf50f02ac6aaed3484&state=1062372357&redirect_uri=http%3A%2F%2Flocalhost%3A9005&scope=read%3Auser%20repo%20public_repo
[info] 
[info] Waiting for authentication...
[debug] [2025-04-17T21:03:41.616Z] >>> [apiv2][query] POST https://github.com/login/oauth/access_token [none]
[debug] [2025-04-17T21:03:41.616Z] >>> [apiv2][body] POST https://github.com/login/oauth/access_token [stream]
[debug] [2025-04-17T21:03:42.067Z] <<< [apiv2][status] POST https://github.com/login/oauth/access_token 200
[debug] [2025-04-17T21:03:42.067Z] <<< [apiv2][body] POST https://github.com/login/oauth/access_token {"access_token":"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","token_type":"bearer","scope":"read:user,repo"}
[debug] [2025-04-17T21:03:42.078Z] >>> [apiv2][query] GET https://api.github.com/user [none]
[debug] [2025-04-17T21:03:42.616Z] <<< [apiv2][status] GET https://api.github.com/user 200
[debug] [2025-04-17T21:03:42.616Z] <<< [apiv2][body] GET https://api.github.com/user {"login":"AlexisLugo01","id":208079010,"node_id":"U_kgDODGcIog","avatar_url":"https://avatars.githubusercontent.com/u/208079010?v=4","gravatar_id":"","url":"https://api.github.com/users/AlexisLugo01","html_url":"https://github.com/AlexisLugo01","followers_url":"https://api.github.com/users/AlexisLugo01/followers","following_url":"https://api.github.com/users/AlexisLugo01/following{/other_user}","gists_url":"https://api.github.com/users/AlexisLugo01/gists{/gist_id}","starred_url":"https://api.github.com/users/AlexisLugo01/starred{/owner}{/repo}","subscriptions_url":"https://api.github.com/users/AlexisLugo01/subscriptions","organizations_url":"https://api.github.com/users/AlexisLugo01/orgs","repos_url":"https://api.github.com/users/AlexisLugo01/repos","events_url":"https://api.github.com/users/AlexisLugo01/events{/privacy}","received_events_url":"https://api.github.com/users/AlexisLugo01/received_events","type":"User","user_view_type":"private","site_admin":false,"name":null,"company":null,"blog":"","location":null,"email":null,"hireable":null,"bio":null,"twitter_username":null,"notification_email":null,"public_repos":0,"public_gists":0,"followers":0,"following":0,"created_at":"2025-04-17T20:50:43Z","updated_at":"2025-04-17T20:50:46Z","private_gists":0,"total_private_repos":0,"owned_private_repos":0,"disk_usage":0,"collaborators":0,"two_factor_authentication":false,"plan":{"name":"free","space":976562499,"collaborators":0,"private_repos":10000}}
[info] 
[info] +  Success! Logged into GitHub as AlexisLugo01 
[info] 
[debug] [2025-04-17T21:05:19.212Z] >>> [apiv2][query] GET https://api.github.com/repos//actions/secrets/public-key type=owner
[debug] [2025-04-17T21:05:19.600Z] <<< [apiv2][status] GET https://api.github.com/repos//actions/secrets/public-key 404
[debug] [2025-04-17T21:05:19.600Z] <<< [apiv2][body] GET https://api.github.com/repos//actions/secrets/public-key {"message":"Not Found","documentation_url":"https://docs.github.com/rest","status":"404"}
[info] 
[info] 
[error] !  The provided authorization cannot be used with this repository. If this repository is in an organization, did you remember to grant access? 
[info] 
[info] i  Action required: Visit this URL to ensure access has been granted to the appropriate organization(s) for the Firebase CLI GitHub OAuth App: 
[info] https://github.com/settings/connections/applications/89cf50f02ac6aaed3484
[info] 
[debug] [2025-04-17T21:05:33.681Z] ----------------------------------------------------------------------
[debug] [2025-04-17T21:05:33.686Z] Command:       C:\Program Files\nodejs\node.exe C:\Users\alexl\AppData\Roaming\npm\node_modules\firebase-tools\lib\bin\firebase.js init
[debug] [2025-04-17T21:05:33.686Z] CLI Version:   14.2.0
[debug] [2025-04-17T21:05:33.687Z] Platform:      win32
[debug] [2025-04-17T21:05:33.687Z] Node Version:  v22.14.0
[debug] [2025-04-17T21:05:33.687Z] Time:          Thu Apr 17 2025 15:05:33 GMT-0600 (hora estándar central)
[debug] [2025-04-17T21:05:33.687Z] ----------------------------------------------------------------------
[debug] 
[debug] [2025-04-17T21:05:33.697Z] > command requires scopes: ["email","openid","https://www.googleapis.com/auth/cloudplatformprojects.readonly","https://www.googleapis.com/auth/firebase","https://www.googleapis.com/auth/cloud-platform"]
[debug] [2025-04-17T21:05:33.698Z] > authorizing via signed-in user (aleomarla_labtd@aprendecampeche.mx)
[info] 
     ######## #### ########  ######## ########     ###     ######  ########
     ##        ##  ##     ## ##       ##     ##  ##   ##  ##       ##
     ######    ##  ########  ######   ########  #########  ######  ######
     ##        ##  ##    ##  ##       ##     ## ##     ##       ## ##
     ##       #### ##     ## ######## ########  ##     ##  ######  ########

You're about to initialize a Firebase project in this directory:

  C:\Users\alexl\frontend\frontend

[info] 
=== Project Setup
[info] 
[info] First, let's associate this project directory with a Firebase project.
[info] You can create multiple project aliases by running firebase use --add, 
[info] but for now we'll just set up a default project.
[info] 
[debug] [2025-04-17T21:05:42.666Z] Checked if tokens are valid: true, expires at: 1744926272433
[debug] [2025-04-17T21:05:42.667Z] Checked if tokens are valid: true, expires at: 1744926272433
[debug] [2025-04-17T21:05:42.670Z] >>> [apiv2][query] GET https://firebase.googleapis.com/v1beta1/projects pageSize=100
[debug] [2025-04-17T21:05:43.455Z] <<< [apiv2][status] GET https://firebase.googleapis.com/v1beta1/projects 200
[debug] [2025-04-17T21:05:43.455Z] <<< [apiv2][body] GET https://firebase.googleapis.com/v1beta1/projects [omitted]
[info] i  Using project monitoreodelmar-6905b (Monitoreodelmar) 
[info] 
=== Hosting Setup
[debug] [2025-04-17T21:05:44.210Z] Checked if tokens are valid: true, expires at: 1744926272433
[debug] [2025-04-17T21:05:44.210Z] Checked if tokens are valid: true, expires at: 1744926272433
[debug] [2025-04-17T21:05:44.210Z] >>> [apiv2][query] GET https://firebase.googleapis.com/v1beta1/projects/monitoreodelmar-6905b [none]
[debug] [2025-04-17T21:05:44.570Z] <<< [apiv2][status] GET https://firebase.googleapis.com/v1beta1/projects/monitoreodelmar-6905b 200
[debug] [2025-04-17T21:05:44.570Z] <<< [apiv2][body] GET https://firebase.googleapis.com/v1beta1/projects/monitoreodelmar-6905b {"projectId":"monitoreodelmar-6905b","projectNumber":"84234581627","displayName":"Monitoreodelmar","name":"projects/monitoreodelmar-6905b","resources":{"hostingSite":"monitoreodelmar-6905b"},"state":"ACTIVE","etag":"1_246807e9-6207-48b0-900a-cf4c032ab427"}
[info] 
[info] Your public directory is the folder (relative to your project directory) that
[info] will contain Hosting assets to be uploaded with firebase deploy. If you
[info] have a build process for your assets, use your build's output directory.
[info] 
[debug] [2025-04-17T21:05:55.844Z] >>> [apiv2][query] GET https://www.gstatic.com/firebasejs/releases.json [none]
[debug] [2025-04-17T21:05:56.243Z] <<< [apiv2][status] GET https://www.gstatic.com/firebasejs/releases.json 200
[debug] [2025-04-17T21:05:56.244Z] <<< [apiv2][body] GET https://www.gstatic.com/firebasejs/releases.json {"current":{"version":"11.6.0","browserURL":"https://www.gstatic.com/firebasejs/11.6.0/firebase.js","packageURL":"https://www.gstatic.com/firebasejs/11.6.0/firebase.tgz"},"live":{"version":"11.6","browserURL":"https://www.gstatic.com/firebasejs/live/11.6/firebase.js","packageURL":"https://www.gstatic.com/firebasejs/live/11.6/firebase.tgz"},"components":{"analytics":"https://www.gstatic.com/firebasejs/11.6.0/firebase-analytics.js","app":"https://www.gstatic.com/firebasejs/11.6.0/firebase-app.js","app-check":"https://www.gstatic.com/firebasejs/11.6.0/firebase-app-check.js","auth":"https://www.gstatic.com/firebasejs/11.6.0/firebase-auth.js","auth/cordova":"https://www.gstatic.com/firebasejs/11.6.0/firebase-auth/cordova.js","auth/web-extension":"https://www.gstatic.com/firebasejs/11.6.0/firebase-auth/web-extension.js","functions":"https://www.gstatic.com/firebasejs/11.6.0/firebase-functions.js","firestore":"https://www.gstatic.com/firebasejs/11.6.0/firebase-firestore.js","firestore/lite":"https://www.gstatic.com/firebasejs/11.6.0/firebase-firestore/lite.js","installations":"https://www.gstatic.com/firebasejs/11.6.0/firebase-installations.js","storage":"https://www.gstatic.com/firebasejs/11.6.0/firebase-storage.js","performance":"https://www.gstatic.com/firebasejs/11.6.0/firebase-performance.js","remote-config":"https://www.gstatic.com/firebasejs/11.6.0/firebase-remote-config.js","messaging":"https://www.gstatic.com/firebasejs/11.6.0/firebase-messaging.js","messaging/sw":"https://www.gstatic.com/firebasejs/11.6.0/firebase-messaging/sw.js","database":"https://www.gstatic.com/firebasejs/11.6.0/firebase-database.js","vertexai":"https://www.gstatic.com/firebasejs/11.6.0/firebase-vertexai.js","data-connect":"https://www.gstatic.com/firebasejs/11.6.0/firebase-data-connect.js","firestore.memory":"https://www.gstatic.com/firebasejs/11.6.0/firebase-firestore.memory.js"}}
[info] i  Skipping write of build/index.html 
[info] 
[info] i  Didn't detect a .git folder. Assuming C:\Users\alexl\frontend\frontend is the project root. 
[info] i  Authorizing with GitHub to upload your service account to a GitHub repository's secrets store. 
[info] 
[info] Visit this URL on this device to log in:
[info] https://github.com/login/oauth/authorize?client_id=89cf50f02ac6aaed3484&state=247732759&redirect_uri=http%3A%2F%2Flocalhost%3A9005&scope=read%3Auser%20repo%20public_repo
[info] 
[info] Waiting for authentication...
[debug] [2025-04-17T21:05:58.914Z] >>> [apiv2][query] POST https://github.com/login/oauth/access_token [none]
[debug] [2025-04-17T21:05:58.914Z] >>> [apiv2][body] POST https://github.com/login/oauth/access_token [stream]
[debug] [2025-04-17T21:05:59.418Z] <<< [apiv2][status] POST https://github.com/login/oauth/access_token 200
[debug] [2025-04-17T21:05:59.418Z] <<< [apiv2][body] POST https://github.com/login/oauth/access_token {"access_token":"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","token_type":"bearer","scope":"read:user,repo"}
[debug] [2025-04-17T21:05:59.434Z] >>> [apiv2][query] GET https://api.github.com/user [none]
[debug] [2025-04-17T21:06:00.028Z] <<< [apiv2][status] GET https://api.github.com/user 200
[debug] [2025-04-17T21:06:00.028Z] <<< [apiv2][body] GET https://api.github.com/user {"login":"AlexisLugo-cpu","id":207378829,"node_id":"U_kgDODFxZjQ","avatar_url":"https://avatars.githubusercontent.com/u/207378829?v=4","gravatar_id":"","url":"https://api.github.com/users/AlexisLugo-cpu","html_url":"https://github.com/AlexisLugo-cpu","followers_url":"https://api.github.com/users/AlexisLugo-cpu/followers","following_url":"https://api.github.com/users/AlexisLugo-cpu/following{/other_user}","gists_url":"https://api.github.com/users/AlexisLugo-cpu/gists{/gist_id}","starred_url":"https://api.github.com/users/AlexisLugo-cpu/starred{/owner}{/repo}","subscriptions_url":"https://api.github.com/users/AlexisLugo-cpu/subscriptions","organizations_url":"https://api.github.com/users/AlexisLugo-cpu/orgs","repos_url":"https://api.github.com/users/AlexisLugo-cpu/repos","events_url":"https://api.github.com/users/AlexisLugo-cpu/events{/privacy}","received_events_url":"https://api.github.com/users/AlexisLugo-cpu/received_events","type":"User","user_view_type":"private","site_admin":false,"name":null,"company":null,"blog":"","location":null,"email":null,"hireable":null,"bio":null,"twitter_username":null,"notification_email":null,"public_repos":0,"public_gists":0,"followers":0,"following":0,"created_at":"2025-04-12T21:12:01Z","updated_at":"2025-04-12T21:15:21Z","private_gists":0,"total_private_repos":1,"owned_private_repos":1,"disk_usage":0,"collaborators":0,"two_factor_authentication":false,"plan":{"name":"free","space":976562499,"collaborators":0,"private_repos":10000}}
[info] 
[info] +  Success! Logged into GitHub as AlexisLugo-cpu 
[info] 
[debug] [2025-04-17T21:06:08.175Z] >>> [apiv2][query] GET https://api.github.com/repos//actions/secrets/public-key type=owner
[debug] [2025-04-17T21:06:08.593Z] <<< [apiv2][status] GET https://api.github.com/repos//actions/secrets/public-key 404
[debug] [2025-04-17T21:06:08.594Z] <<< [apiv2][body] GET https://api.github.com/repos//actions/secrets/public-key {"message":"Not Found","documentation_url":"https://docs.github.com/rest","status":"404"}
[info] 
[info] 
[error] !  The provided authorization cannot be used with this repository. If this repository is in an organization, did you remember to grant access? 
[info] 
[info] i  Action required: Visit this URL to ensure access has been granted to the appropriate organization(s) for the Firebase CLI GitHub OAuth App: 
[info] https://github.com/settings/connections/applications/89cf50f02ac6aaed3484
[info] 
[debug] [2025-04-17T21:20:22.956Z] >>> [apiv2][query] GET https://api.github.com/repos//actions/secrets/public-key type=owner
[debug] [2025-04-17T21:20:23.238Z] <<< [apiv2][status] GET https://api.github.com/repos//actions/secrets/public-key 404
[debug] [2025-04-17T21:20:23.239Z] <<< [apiv2][body] GET https://api.github.com/repos//actions/secrets/public-key {"message":"Not Found","documentation_url":"https://docs.github.com/rest","status":"404"}
[info] 
[info] 
[error] !  The provided authorization cannot be used with this repository. If this repository is in an organization, did you remember to grant access? 
[info] 
[info] i  Action required: Visit this URL to ensure access has been granted to the appropriate organization(s) for the Firebase CLI GitHub OAuth App: 
[info] https://github.com/settings/connections/applications/89cf50f02ac6aaed3484
[info] 
[debug] [2025-04-17T21:21:09.999Z] >>> [apiv2][query] GET https://api.github.com/repos//actions/secrets/public-key type=owner
[debug] [2025-04-17T21:21:10.296Z] <<< [apiv2][status] GET https://api.github.com/repos//actions/secrets/public-key 404
[debug] [2025-04-17T21:21:10.296Z] <<< [apiv2][body] GET https://api.github.com/repos//actions/secrets/public-key {"message":"Not Found","documentation_url":"https://docs.github.com/rest","status":"404"}
[info] 
[info] 
[error] !  The provided authorization cannot be used with this repository. If this repository is in an organization, did you remember to grant access? 
[info] 
[info] i  Action required: Visit this URL to ensure access has been granted to the appropriate organization(s) for the Firebase CLI GitHub OAuth App: 
[info] https://github.com/settings/connections/applications/89cf50f02ac6aaed3484
[info] 
[debug] [2025-04-17T21:22:27.066Z] >>> [apiv2][query] GET https://api.github.com/repos//actions/secrets/public-key type=owner
[debug] [2025-04-17T21:22:27.350Z] <<< [apiv2][status] GET https://api.github.com/repos//actions/secrets/public-key 404
[debug] [2025-04-17T21:22:27.350Z] <<< [apiv2][body] GET https://api.github.com/repos//actions/secrets/public-key {"message":"Not Found","documentation_url":"https://docs.github.com/rest","status":"404"}
[info] 
[info] 
[error] !  The provided authorization cannot be used with this repository. If this repository is in an organization, did you remember to grant access? 
[info] 
[info] i  Action required: Visit this URL to ensure access has been granted to the appropriate organization(s) for the Firebase CLI GitHub OAuth App: 
[info] https://github.com/settings/connections/applications/89cf50f02ac6aaed3484
[info] 
